Setting CUDA_MODULE_LOADING to EAGER
Setting parameter num_cpu_threads to 8
Setting parameter solution_file to /tmp/minlpkit_12912_cuopt_concurrent.sol
Setting parameter time_limit to 1.500000e+01
Reading file minlpkit_12912_cuopt_concurrent.mps
cuOpt version: 25.10.1, git hash: 876fcfc, host arch: x86_64, device archs: 75-real,80-real,86-real,90a-real,100f-real,120a-real,120
CPU: 13th Gen Intel(R) Core(TM) i7-13700KF, threads (physical/logical): 12/24, RAM: 27.12 GiB
CUDA 13.0, device: NVIDIA GeForce RTX 5070 Ti (ID 0), VRAM: 15.92 GiB
CUDA device UUID: ffffff85ffffffe3ffffff8909-ffffffcb5

Solving a problem with 1550 constraints, 75000 variables (75000 integers), and 150000 nonzeros
Problem scaling:
Objective coefficents range:          [1e+00, 1e+02]
Constraint matrix coefficients range: [1e+00, 1e+02]
Constraint rhs / bounds range:        [1e+00, 1e+03]
Variable bounds range:                [0e+00, 1e+00]

Original problem: 1550 constraints, 75000 variables, 150000 nonzeros
Calling Papilo presolver
Presolve status: did not result in any changes
Presolve removed: 0 constraints, 0 variables, 0 nonzeros
Presolved problem: 1550 constraints, 75000 variables, 150000 nonzeros
Papilo presolve time: 1.541043
Objective offset 0.000000 scaling_factor 1.000000
Running presolve!
After trivial presolve: 1550 constraints, 75000 variables, objective offset 0.000000.
Using 8 CPU threads for B&B
Solving LP root relaxation
Scaling matrix. Maximum column norm 1.000000e+00
Dual Simplex Phase 1
Dual feasible solution found.
Dual Simplex Phase 2
 Iter     Objective           Num Inf.  Sum Inf.     Perturb  Time
    1 +1.0000000000000000e+01    1499 2.99800000e+01 0.00e+00 0.06
 1000 +7.3900193227104983e+03     861 2.53746245e+03 0.00e+00 0.08
 2000 +2.1121285806072585e+04     658 9.82523251e+02 0.00e+00 0.16
 3000 +4.8242151480352994e+04     401 1.60754191e+02 0.00e+00 0.56
 4000 +7.0063151480354543e+04      77 4.68290206e+00 0.00e+00 1.23

Root relaxation solution found in 4412 iterations and 1.53s
Root relaxation objective +7.87570000e+04

Strong branching using 8 threads and 95 fractional variables
Exploring the B&B tree using 2 best-first threads and 6 diving threads (8 threads)
 | Explored | Unexplored |    Objective    |     Bound     | Depth | Iter/Node |   Gap    |  Time  |
         11            1             +inf    +7.875700e+04        3   8.6e+02       -        5.38
         21            7             +inf    +7.875700e+04        5   8.1e+02       -        6.59
         31           17             +inf    +7.875700e+04        4   9.4e+02       -        8.39
         41           27             +inf    +7.875700e+04        5   1.0e+03       -        9.81
Time limit reached. Stopping the solver...
Explored 46 nodes in 13.12s.
Absolute Gap inf Objective inf Lower Bound 7.8756999999999898e+04
New solution from primal heuristics. Objective +8.489900e+04. Time 13.13
New solution from primal heuristics. Objective +8.250900e+04. Time 13.14
New solution from primal heuristics. Objective +8.250200e+04. Time 13.14
New solution from primal heuristics. Objective +8.249700e+04. Time 13.14
New solution from primal heuristics. Objective +8.249600e+04. Time 13.14
New solution from primal heuristics. Objective +8.248900e+04. Time 13.15
New solution from primal heuristics. Objective +8.248700e+04. Time 13.15
New solution from primal heuristics. Objective +8.248300e+04. Time 13.15
New solution from primal heuristics. Objective +8.247800e+04. Time 13.15
New solution from primal heuristics. Objective +8.247500e+04. Time 13.15
Post-solve status: succeeded
Solution objective: 82475.000000 , relative_mip_gap 0.045080 solution_bound 78757.000000 presolve_time 1.543721 total_solve_time 15.032736 max constraint violation 0.000000 max int violation 0.000000 max var bounds violation 0.000000 nodes 46 simplex_iterations 54809
Writing solution to file /tmp/minlpkit_12912_cuopt_concurrent.sol
